Tue Oct 15 03:00:39 BRT 2013  [debug] AvalonLogSystem initialized using logfile 'velocity.log'
Tue Oct 15 03:00:39 BRT 2013   [info] ************************************************************** 
Tue Oct 15 03:00:39 BRT 2013   [info] Starting Jakarta Velocity v1.4
Tue Oct 15 03:00:39 BRT 2013   [info] RuntimeInstance initializing.
Tue Oct 15 03:00:39 BRT 2013   [info] Default Properties File: org/apache/velocity/runtime/defaults/velocity.properties
Tue Oct 15 03:00:39 BRT 2013   [info] Trying to use logger class org.apache.velocity.runtime.log.AvalonLogSystem
Tue Oct 15 03:00:39 BRT 2013   [info] Using logger class org.apache.velocity.runtime.log.AvalonLogSystem
Tue Oct 15 03:00:39 BRT 2013   [info] Default ResourceManager initializing. (class org.apache.velocity.runtime.resource.ResourceManagerImpl)
Tue Oct 15 03:00:39 BRT 2013   [info] Resource Loader Instantiated: org.apache.velocity.runtime.resource.loader.JarResourceLoader
Tue Oct 15 03:00:39 BRT 2013   [info] JarResourceLoader : initialization starting.
Tue Oct 15 03:00:39 BRT 2013   [info] JarResourceLoader # of paths : 1
Tue Oct 15 03:00:39 BRT 2013   [info] JarResourceLoader : trying to load: jar:file:/home/c131644/.m2/repository/org/codehaus/mojo/webstart-maven-plugin/1.0-beta-3/webstart-maven-plugin-1.0-beta-3.jar!/
Tue Oct 15 03:00:39 BRT 2013   [info]   JarHolder : attempting to connect to jar:file:/home/c131644/.m2/repository/org/codehaus/mojo/webstart-maven-plugin/1.0-beta-3/webstart-maven-plugin-1.0-beta-3.jar!/
Tue Oct 15 03:00:39 BRT 2013   [info]   JarHolder : initialized JAR: jar:file:/home/c131644/.m2/repository/org/codehaus/mojo/webstart-maven-plugin/1.0-beta-3/webstart-maven-plugin-1.0-beta-3.jar!/
Tue Oct 15 03:00:39 BRT 2013   [info] JarResourceLoader : initialization complete.
Tue Oct 15 03:00:39 BRT 2013   [info] ResourceCache : initialized. (class org.apache.velocity.runtime.resource.ResourceCacheImpl)
Tue Oct 15 03:00:39 BRT 2013   [info] Default ResourceManager initialization complete.
Tue Oct 15 03:00:39 BRT 2013   [info] Loaded System Directive: org.apache.velocity.runtime.directive.Literal
Tue Oct 15 03:00:39 BRT 2013   [info] Loaded System Directive: org.apache.velocity.runtime.directive.Macro
Tue Oct 15 03:00:39 BRT 2013   [info] Loaded System Directive: org.apache.velocity.runtime.directive.Parse
Tue Oct 15 03:00:39 BRT 2013   [info] Loaded System Directive: org.apache.velocity.runtime.directive.Include
Tue Oct 15 03:00:39 BRT 2013   [info] Loaded System Directive: org.apache.velocity.runtime.directive.Foreach
Tue Oct 15 03:00:39 BRT 2013   [info] Created: 20 parsers.
Tue Oct 15 03:00:39 BRT 2013   [info] Velocimacro : initialization starting.
Tue Oct 15 03:00:39 BRT 2013   [info] Velocimacro : adding VMs from VM library template : VM_global_library.vm
Tue Oct 15 03:00:39 BRT 2013  [error] ResourceManager : unable to find resource 'VM_global_library.vm' in any resource loader.
Tue Oct 15 03:00:39 BRT 2013   [info] Velocimacro : error using  VM library template VM_global_library.vm : org.apache.velocity.exception.ResourceNotFoundException: Unable to find resource 'VM_global_library.vm'
Tue Oct 15 03:00:39 BRT 2013   [info] Velocimacro :  VM library template macro registration complete.
Tue Oct 15 03:00:39 BRT 2013   [info] Velocimacro : allowInline = true : VMs can be defined inline in templates
Tue Oct 15 03:00:39 BRT 2013   [info] Velocimacro : allowInlineToOverride = false : VMs defined inline may NOT replace previous VM definitions
Tue Oct 15 03:00:39 BRT 2013   [info] Velocimacro : allowInlineLocal = false : VMs defined inline will be  global in scope if allowed.
Tue Oct 15 03:00:39 BRT 2013   [info] Velocimacro : messages on  : VM system will output logging messages
Tue Oct 15 03:00:39 BRT 2013   [info] Velocimacro : autoload off  : VM system will not automatically reload global library macros
Tue Oct 15 03:00:39 BRT 2013   [info] Velocimacro : initialization complete.
Tue Oct 15 03:00:39 BRT 2013   [info] Velocity successfully started.
Tue Oct 15 03:00:39 BRT 2013   [info] ResourceManager : found default-jnlp-template.vm with loader org.apache.velocity.runtime.resource.loader.JarResourceLoader
Tue Oct 15 03:00:39 BRT 2013   [warn] org.apache.velocity.runtime.exception.ReferenceException: reference : template = default-jnlp-template.vm [line 31,column 6] : $extensions is not a valid reference.
